c:\users\admin\desktop\3190289_3190156\3190289_3190156\x64\release\vc142.pdb
c:\users\admin\desktop\3190289_3190156\3190289_3190156\x64\release\thumbnail.obj
c:\users\admin\desktop\3190289_3190156\3190289_3190156\x64\release\text_bubble.obj
c:\users\admin\desktop\3190289_3190156\3190289_3190156\x64\release\textfield.obj
c:\users\admin\desktop\3190289_3190156\3190289_3190156\x64\release\selection.obj
c:\users\admin\desktop\3190289_3190156\3190289_3190156\x64\release\number_only_textfield.obj
c:\users\admin\desktop\3190289_3190156\3190289_3190156\x64\release\music_button.obj
c:\users\admin\desktop\3190289_3190156\3190289_3190156\x64\release\movie_browser.obj
c:\users\admin\desktop\3190289_3190156\3190289_3190156\x64\release\movie.obj
c:\users\admin\desktop\3190289_3190156\3190289_3190156\x64\release\main.obj
c:\users\admin\desktop\3190289_3190156\3190289_3190156\x64\release\button.obj
c:\users\admin\desktop\3190289_3190156\3190289_3190156\bin\3190289_3190156.exe
c:\users\admin\desktop\3190289_3190156\3190289_3190156\x64\release\3190289_3190156.ipdb
c:\users\admin\desktop\3190289_3190156\3190289_3190156\x64\release\3190289_3190156.iobj
c:\users\admin\desktop\3190289_3190156\3190289_3190156\bin\3190289_3190156.pdb
c:\users\admin\desktop\3190289_3190156\3190289_3190156\\bin\3190289_3190156.pdb
c:\users\admin\desktop\3190289_3190156\3190289_3190156\x64\release\3190289_3190156.tlog\cl.command.1.tlog
c:\users\admin\desktop\3190289_3190156\3190289_3190156\x64\release\3190289_3190156.tlog\cl.read.1.tlog
c:\users\admin\desktop\3190289_3190156\3190289_3190156\x64\release\3190289_3190156.tlog\cl.write.1.tlog
c:\users\admin\desktop\3190289_3190156\3190289_3190156\x64\release\3190289_3190156.tlog\link.command.1.tlog
c:\users\admin\desktop\3190289_3190156\3190289_3190156\x64\release\3190289_3190156.tlog\link.read.1.tlog
c:\users\admin\desktop\3190289_3190156\3190289_3190156\x64\release\3190289_3190156.tlog\link.write.1.tlog
