  button.cpp
C:\Users\Admin\Desktop\3190289_3190156\button.cpp(39,41): warning C4244: 'argument': conversion from 'int' to 'float', possible loss of data
C:\Users\Admin\Desktop\3190289_3190156\button.cpp(40,41): warning C4244: 'argument': conversion from 'int' to 'float', possible loss of data
  main.cpp
  movie.cpp
  movie_browser.cpp
C:\Users\Admin\Desktop\3190289_3190156\movie_browser.cpp(271,76): warning C4244: 'argument': conversion from 'unsigned __int64' to 'float', possible loss of data
C:\Users\Admin\Desktop\3190289_3190156\movie_browser.cpp(277,81): warning C4244: 'argument': conversion from 'unsigned __int64' to 'float', possible loss of data
C:\Users\Admin\Desktop\3190289_3190156\movie_browser.cpp(288,75): warning C4244: 'argument': conversion from 'unsigned __int64' to 'float', possible loss of data
C:\Users\Admin\Desktop\3190289_3190156\movie_browser.cpp(304,77): warning C4244: 'argument': conversion from 'unsigned __int64' to 'float', possible loss of data
C:\Users\Admin\Desktop\3190289_3190156\movie_browser.cpp(310,85): warning C4244: 'argument': conversion from 'unsigned __int64' to 'float', possible loss of data
C:\Users\Admin\Desktop\3190289_3190156\movie_browser.cpp(321,78): warning C4244: 'argument': conversion from 'unsigned __int64' to 'float', possible loss of data
C:\Users\Admin\Desktop\3190289_3190156\movie_browser.cpp(332,78): warning C4244: 'argument': conversion from 'unsigned __int64' to 'float', possible loss of data
C:\Users\Admin\Desktop\3190289_3190156\movie_browser.cpp(342,81): warning C4244: 'argument': conversion from 'int' to 'float', possible loss of data
C:\Users\Admin\Desktop\3190289_3190156\movie_browser.cpp(346,81): warning C4244: 'argument': conversion from 'int' to 'float', possible loss of data
C:\Users\Admin\Desktop\3190289_3190156\movie_browser.cpp(350,81): warning C4244: 'argument': conversion from 'int' to 'float', possible loss of data
C:\Users\Admin\Desktop\3190289_3190156\movie_browser.cpp(355,81): warning C4244: 'argument': conversion from 'int' to 'float', possible loss of data
C:\Users\Admin\Desktop\3190289_3190156\movie_browser.cpp(360,81): warning C4244: 'argument': conversion from 'int' to 'float', possible loss of data
C:\Users\Admin\Desktop\3190289_3190156\movie_browser.cpp(372,30): warning C4305: 'argument': truncation from 'double' to 'float'
C:\Users\Admin\Desktop\3190289_3190156\movie_browser.cpp(479,50): warning C4267: '=': conversion from 'size_t' to 'int', possible loss of data
C:\Users\Admin\Desktop\3190289_3190156\movie_browser.cpp(709,50): warning C4267: 'initializing': conversion from 'size_t' to 'int', possible loss of data
C:\Users\Admin\Desktop\3190289_3190156\movie_browser.cpp(1272,37): warning C4018: '>': signed/unsigned mismatch
C:\Users\Admin\Desktop\3190289_3190156\movie_browser.cpp(1277,37): warning C4018: '<': signed/unsigned mismatch
  music_button.cpp
C:\Users\Admin\Desktop\3190289_3190156\music_button.cpp(28,41): warning C4244: 'argument': conversion from 'int' to 'float', possible loss of data
C:\Users\Admin\Desktop\3190289_3190156\music_button.cpp(29,41): warning C4244: 'argument': conversion from 'int' to 'float', possible loss of data
  number_only_textfield.cpp
C:\Users\Admin\Desktop\3190289_3190156\number_only_textfield.cpp(36,41): warning C4244: 'argument': conversion from 'int' to 'float', possible loss of data
C:\Users\Admin\Desktop\3190289_3190156\number_only_textfield.cpp(37,41): warning C4244: 'argument': conversion from 'int' to 'float', possible loss of data
  password.cpp
C:\Users\Admin\Desktop\3190289_3190156\password.cpp(34,41): warning C4244: 'argument': conversion from 'int' to 'float', possible loss of data
C:\Users\Admin\Desktop\3190289_3190156\password.cpp(35,41): warning C4244: 'argument': conversion from 'int' to 'float', possible loss of data
  refresh_button.cpp
C:\Users\Admin\Desktop\3190289_3190156\refresh_button.cpp(18,41): warning C4244: 'argument': conversion from 'int' to 'float', possible loss of data
C:\Users\Admin\Desktop\3190289_3190156\refresh_button.cpp(19,41): warning C4244: 'argument': conversion from 'int' to 'float', possible loss of data
  selection.cpp
C:\Users\Admin\Desktop\3190289_3190156\selection.cpp(26,74): warning C4244: 'argument': conversion from 'double' to 'float', possible loss of data
C:\Users\Admin\Desktop\3190289_3190156\selection.cpp(35,41): warning C4244: 'argument': conversion from 'int' to 'float', possible loss of data
C:\Users\Admin\Desktop\3190289_3190156\selection.cpp(36,41): warning C4244: 'argument': conversion from 'int' to 'float', possible loss of data
  textfield.cpp
C:\Users\Admin\Desktop\3190289_3190156\textfield.cpp(38,41): warning C4244: 'argument': conversion from 'int' to 'float', possible loss of data
C:\Users\Admin\Desktop\3190289_3190156\textfield.cpp(39,41): warning C4244: 'argument': conversion from 'int' to 'float', possible loss of data
  text_bubble.cpp
C:\Users\Admin\Desktop\3190289_3190156\text_bubble.cpp(26,66): warning C4244: 'argument': conversion from 'double' to 'float', possible loss of data
  thumbnail.cpp
C:\Users\Admin\Desktop\3190289_3190156\thumbnail.cpp(25,81): warning C4244: 'argument': conversion from 'double' to 'float', possible loss of data
C:\Users\Admin\Desktop\3190289_3190156\thumbnail.cpp(25,67): warning C4244: 'argument': conversion from 'double' to 'float', possible loss of data
C:\Users\Admin\Desktop\3190289_3190156\thumbnail.cpp(25,46): warning C4244: 'argument': conversion from 'double' to 'float', possible loss of data
C:\Users\Admin\Desktop\3190289_3190156\thumbnail.cpp(168,51): warning C4244: 'argument': conversion from 'double' to 'float', possible loss of data
C:\Users\Admin\Desktop\3190289_3190156\thumbnail.cpp(267,75): warning C4244: 'argument': conversion from 'unsigned __int64' to 'float', possible loss of data
C:\Users\Admin\Desktop\3190289_3190156\thumbnail.cpp(270,79): warning C4244: 'argument': conversion from 'unsigned __int64' to 'float', possible loss of data
C:\Users\Admin\Desktop\3190289_3190156\thumbnail.cpp(273,82): warning C4244: 'argument': conversion from 'unsigned __int64' to 'float', possible loss of data
C:\Users\Admin\Desktop\3190289_3190156\thumbnail.cpp(276,98): warning C4244: 'argument': conversion from 'unsigned __int64' to 'float', possible loss of data
C:\Users\Admin\Desktop\3190289_3190156\thumbnail.cpp(279,75): warning C4244: 'argument': conversion from 'unsigned __int64' to 'float', possible loss of data
C:\Users\Admin\Desktop\3190289_3190156\thumbnail.cpp(282,76): warning C4244: 'argument': conversion from 'unsigned __int64' to 'float', possible loss of data
  Generating Code...
sggd.lib(AudioManager.obj) : warning LNK4099: PDB 'sggd.pdb' was not found with 'sggd.lib(AudioManager.obj)' or at 'C:\Users\Admin\Desktop\3190289_3190156\bin\sggd.pdb'; linking object as if no debug info
sggd.lib(fonts.obj) : warning LNK4099: PDB 'sggd.pdb' was not found with 'sggd.lib(fonts.obj)' or at 'C:\Users\Admin\Desktop\3190289_3190156\bin\sggd.pdb'; linking object as if no debug info
sggd.lib(GLbackend.obj) : warning LNK4099: PDB 'sggd.pdb' was not found with 'sggd.lib(GLbackend.obj)' or at 'C:\Users\Admin\Desktop\3190289_3190156\bin\sggd.pdb'; linking object as if no debug info
sggd.lib(graphics.obj) : warning LNK4099: PDB 'sggd.pdb' was not found with 'sggd.lib(graphics.obj)' or at 'C:\Users\Admin\Desktop\3190289_3190156\bin\sggd.pdb'; linking object as if no debug info
sggd.lib(lodepng.obj) : warning LNK4099: PDB 'sggd.pdb' was not found with 'sggd.lib(lodepng.obj)' or at 'C:\Users\Admin\Desktop\3190289_3190156\bin\sggd.pdb'; linking object as if no debug info
sggd.lib(shader.obj) : warning LNK4099: PDB 'sggd.pdb' was not found with 'sggd.lib(shader.obj)' or at 'C:\Users\Admin\Desktop\3190289_3190156\bin\sggd.pdb'; linking object as if no debug info
sggd.lib(texture.obj) : warning LNK4099: PDB 'sggd.pdb' was not found with 'sggd.lib(texture.obj)' or at 'C:\Users\Admin\Desktop\3190289_3190156\bin\sggd.pdb'; linking object as if no debug info
  3190289_3190156.vcxproj -> C:\Users\Admin\Desktop\3190289_3190156\bin\3190289_3190156d.exe
